<?xml version="1.0" encoding="UTF-8"?>
<!-- Generated by org.testng.reporters.JUnitXMLReporter -->
<testsuite ignored="0" hostname="DESKTOP-O0U48S3" failures="0" tests="3" name="Default test" time="0.87" errors="0" timestamp="2023-04-17T20:03:11 IST">
  <testcase classname="Practice.Dataproviderexcel" name="booktickets" time="0.008"/>
  <testcase classname="Practice.Dataproviderexcel" name="booktickets" time="0.002"/>
  <testcase classname="Practice.Dataproviderexcel" name="booktickets" time="0.002"/>
</testsuite> <!-- Default test -->
